[2024-02-25T22:06:22.931+0000][gc,init] CardTable entry size: 512
[2024-02-25T22:06:22.931+0000][gc     ] Using G1
[2024-02-25T22:06:22.932+0000][gc,init] Version: 21+35-LTS-2513 (release)
[2024-02-25T22:06:22.932+0000][gc,init] CPUs: 8 total, 8 available
[2024-02-25T22:06:22.932+0000][gc,init] Memory: 8192M
[2024-02-25T22:06:22.932+0000][gc,init] Large Page Support: Disabled
[2024-02-25T22:06:22.932+0000][gc,init] NUMA Support: Disabled
[2024-02-25T22:06:22.932+0000][gc,init] Compressed Oops: Enabled (Zero based)
[2024-02-25T22:06:22.932+0000][gc,init] Heap Region Size: 1M
[2024-02-25T22:06:22.932+0000][gc,init] Heap Min Capacity: 1G
[2024-02-25T22:06:22.932+0000][gc,init] Heap Initial Capacity: 1G
[2024-02-25T22:06:22.932+0000][gc,init] Heap Max Capacity: 1G
[2024-02-25T22:06:22.932+0000][gc,init] Pre-touch: Disabled
[2024-02-25T22:06:22.932+0000][gc,init] Parallel Workers: 8
[2024-02-25T22:06:22.932+0000][gc,init] Concurrent Workers: 2
[2024-02-25T22:06:22.932+0000][gc,init] Concurrent Refinement Workers: 8
[2024-02-25T22:06:22.932+0000][gc,init] Periodic GC: Disabled
[2024-02-25T22:06:22.937+0000][gc,metaspace] CDS archive(s) mapped at: [0x000000d800000000-0x000000d800ca4000-0x000000d800ca4000), size 13254656, SharedBaseAddress: 0x000000d800000000, ArchiveRelocationMode: 1.
[2024-02-25T22:06:22.937+0000][gc,metaspace] Compressed class space mapped at: 0x000000d801000000-0x000000d841000000, reserved size: 1073741824
[2024-02-25T22:06:22.937+0000][gc,metaspace] Narrow klass base: 0x000000d800000000, Narrow klass shift: 0, Narrow klass range: 0x100000000
[2024-02-25T22:06:23.896+0000][gc,start    ] GC(0) Pause Young (Normal) (G1 Evacuation Pause)
[2024-02-25T22:06:23.896+0000][gc,task     ] GC(0) Using 8 workers of 8 for evacuation
[2024-02-25T22:06:23.899+0000][gc,phases   ] GC(0)   Pre Evacuate Collection Set: 0.1ms
[2024-02-25T22:06:23.899+0000][gc,phases   ] GC(0)   Merge Heap Roots: 0.1ms
[2024-02-25T22:06:23.899+0000][gc,phases   ] GC(0)   Evacuate Collection Set: 2.4ms
[2024-02-25T22:06:23.899+0000][gc,phases   ] GC(0)   Post Evacuate Collection Set: 0.3ms
[2024-02-25T22:06:23.899+0000][gc,phases   ] GC(0)   Other: 0.2ms
[2024-02-25T22:06:23.899+0000][gc,heap     ] GC(0) Eden regions: 51->0(44)
[2024-02-25T22:06:23.899+0000][gc,heap     ] GC(0) Survivor regions: 0->7(7)
[2024-02-25T22:06:23.899+0000][gc,heap     ] GC(0) Old regions: 2->3
[2024-02-25T22:06:23.899+0000][gc,heap     ] GC(0) Humongous regions: 0->0
[2024-02-25T22:06:23.899+0000][gc,metaspace] GC(0) Metaspace: 18270K(18496K)->18270K(18496K) NonClass: 16180K(16320K)->16180K(16320K) Class: 2089K(2176K)->2089K(2176K)
[2024-02-25T22:06:23.899+0000][gc          ] GC(0) Pause Young (Normal) (G1 Evacuation Pause) 52M->8M(1024M) 3.524ms
[2024-02-25T22:06:23.899+0000][gc,cpu      ] GC(0) User=0.01s Sys=0.01s Real=0.00s
[2024-02-25T22:06:24.034+0000][gc,start    ] GC(1) Pause Young (Concurrent Start) (Metadata GC Threshold)
[2024-02-25T22:06:24.034+0000][gc,task     ] GC(1) Using 8 workers of 8 for evacuation
[2024-02-25T22:06:24.037+0000][gc,phases   ] GC(1)   Pre Evacuate Collection Set: 0.1ms
[2024-02-25T22:06:24.037+0000][gc,phases   ] GC(1)   Merge Heap Roots: 0.0ms
[2024-02-25T22:06:24.037+0000][gc,phases   ] GC(1)   Evacuate Collection Set: 2.5ms
[2024-02-25T22:06:24.037+0000][gc,phases   ] GC(1)   Post Evacuate Collection Set: 0.2ms
[2024-02-25T22:06:24.037+0000][gc,phases   ] GC(1)   Other: 0.0ms
[2024-02-25T22:06:24.037+0000][gc,heap     ] GC(1) Eden regions: 13->0(49)
[2024-02-25T22:06:24.037+0000][gc,heap     ] GC(1) Survivor regions: 7->2(7)
[2024-02-25T22:06:24.037+0000][gc,heap     ] GC(1) Old regions: 3->10
[2024-02-25T22:06:24.037+0000][gc,heap     ] GC(1) Humongous regions: 0->0
[2024-02-25T22:06:24.037+0000][gc,metaspace] GC(1) Metaspace: 21242K(21504K)->21242K(21504K) NonClass: 18759K(18880K)->18759K(18880K) Class: 2482K(2624K)->2482K(2624K)
[2024-02-25T22:06:24.037+0000][gc          ] GC(1) Pause Young (Concurrent Start) (Metadata GC Threshold) 21M->9M(1024M) 3.006ms
[2024-02-25T22:06:24.037+0000][gc          ] GC(2) Concurrent Mark Cycle
[2024-02-25T22:06:24.037+0000][gc,cpu      ] GC(1) User=0.01s Sys=0.00s Real=0.00s
[2024-02-25T22:06:24.037+0000][gc,marking  ] GC(2) Concurrent Scan Root Regions
[2024-02-25T22:06:24.039+0000][gc,marking  ] GC(2) Concurrent Scan Root Regions 1.862ms
[2024-02-25T22:06:24.039+0000][gc,marking  ] GC(2) Concurrent Mark
[2024-02-25T22:06:24.039+0000][gc,marking  ] GC(2) Concurrent Mark From Roots
[2024-02-25T22:06:24.039+0000][gc,task     ] GC(2) Using 2 workers of 2 for marking
[2024-02-25T22:06:24.040+0000][gc,marking  ] GC(2) Concurrent Mark From Roots 0.991ms
[2024-02-25T22:06:24.040+0000][gc,marking  ] GC(2) Concurrent Preclean
[2024-02-25T22:06:24.040+0000][gc,marking  ] GC(2) Concurrent Preclean 0.007ms
[2024-02-25T22:06:24.040+0000][gc,start    ] GC(2) Pause Remark
[2024-02-25T22:06:24.041+0000][gc          ] GC(2) Pause Remark 10M->10M(1024M) 1.041ms
[2024-02-25T22:06:24.041+0000][gc,cpu      ] GC(2) User=0.01s Sys=0.00s Real=0.00s
[2024-02-25T22:06:24.041+0000][gc,marking  ] GC(2) Concurrent Mark 2.115ms
[2024-02-25T22:06:24.041+0000][gc,marking  ] GC(2) Concurrent Rebuild Remembered Sets and Scrub Regions
[2024-02-25T22:06:24.042+0000][gc,marking  ] GC(2) Concurrent Rebuild Remembered Sets and Scrub Regions 1.571ms
[2024-02-25T22:06:24.042+0000][gc,start    ] GC(2) Pause Cleanup
[2024-02-25T22:06:24.043+0000][gc          ] GC(2) Pause Cleanup 10M->10M(1024M) 0.097ms
[2024-02-25T22:06:24.043+0000][gc,cpu      ] GC(2) User=0.00s Sys=0.00s Real=0.00s
[2024-02-25T22:06:24.043+0000][gc,marking  ] GC(2) Concurrent Clear Claimed Marks
[2024-02-25T22:06:24.043+0000][gc,marking  ] GC(2) Concurrent Clear Claimed Marks 0.012ms
[2024-02-25T22:06:24.043+0000][gc,marking  ] GC(2) Concurrent Cleanup for Next Mark
[2024-02-25T22:06:24.044+0000][gc,marking  ] GC(2) Concurrent Cleanup for Next Mark 1.529ms
[2024-02-25T22:06:24.044+0000][gc          ] GC(2) Concurrent Mark Cycle 7.320ms
[2024-02-25T22:06:24.499+0000][gc,start    ] GC(3) Pause Young (Prepare Mixed) (G1 Evacuation Pause)
[2024-02-25T22:06:24.499+0000][gc,task     ] GC(3) Using 8 workers of 8 for evacuation
[2024-02-25T22:06:24.502+0000][gc,phases   ] GC(3)   Pre Evacuate Collection Set: 0.1ms
[2024-02-25T22:06:24.502+0000][gc,phases   ] GC(3)   Merge Heap Roots: 0.0ms
[2024-02-25T22:06:24.502+0000][gc,phases   ] GC(3)   Evacuate Collection Set: 2.4ms
[2024-02-25T22:06:24.502+0000][gc,phases   ] GC(3)   Post Evacuate Collection Set: 0.3ms
[2024-02-25T22:06:24.502+0000][gc,phases   ] GC(3)   Other: 0.0ms
[2024-02-25T22:06:24.502+0000][gc,heap     ] GC(3) Eden regions: 49->0(44)
[2024-02-25T22:06:24.502+0000][gc,heap     ] GC(3) Survivor regions: 2->7(7)
[2024-02-25T22:06:24.502+0000][gc,heap     ] GC(3) Old regions: 10->10
[2024-02-25T22:06:24.502+0000][gc,heap     ] GC(3) Humongous regions: 129->129
[2024-02-25T22:06:24.502+0000][gc,metaspace] GC(3) Metaspace: 32947K(33280K)->32947K(33280K) NonClass: 29372K(29568K)->29372K(29568K) Class: 3574K(3712K)->3574K(3712K)
[2024-02-25T22:06:24.502+0000][gc          ] GC(3) Pause Young (Prepare Mixed) (G1 Evacuation Pause) 187M->143M(1024M) 3.006ms
[2024-02-25T22:06:24.502+0000][gc,cpu      ] GC(3) User=0.02s Sys=0.00s Real=0.01s
[2024-02-25T22:06:54.046+0000][gc,start    ] GC(4) Pause Young (Mixed) (Metadata GC Threshold)
[2024-02-25T22:06:54.048+0000][gc,task     ] GC(4) Using 8 workers of 8 for evacuation
[2024-02-25T22:06:54.058+0000][gc,phases   ] GC(4)   Pre Evacuate Collection Set: 0.5ms
[2024-02-25T22:06:54.058+0000][gc,phases   ] GC(4)   Merge Heap Roots: 0.1ms
[2024-02-25T22:06:54.058+0000][gc,phases   ] GC(4)   Evacuate Collection Set: 9.0ms
[2024-02-25T22:06:54.058+0000][gc,phases   ] GC(4)   Post Evacuate Collection Set: 0.6ms
[2024-02-25T22:06:54.058+0000][gc,phases   ] GC(4)   Other: 0.8ms
[2024-02-25T22:06:54.058+0000][gc,heap     ] GC(4) Eden regions: 13->0(49)
[2024-02-25T22:06:54.058+0000][gc,heap     ] GC(4) Survivor regions: 7->2(7)
[2024-02-25T22:06:54.058+0000][gc,heap     ] GC(4) Old regions: 10->15
[2024-02-25T22:06:54.058+0000][gc,heap     ] GC(4) Humongous regions: 129->129
[2024-02-25T22:06:54.058+0000][gc,metaspace] GC(4) Metaspace: 35610K(35968K)->35610K(35968K) NonClass: 31650K(31808K)->31650K(31808K) Class: 3959K(4160K)->3959K(4160K)
[2024-02-25T22:06:54.058+0000][gc          ] GC(4) Pause Young (Mixed) (Metadata GC Threshold) 156M->144M(1024M) 13.230ms
[2024-02-25T22:06:54.058+0000][gc,cpu      ] GC(4) User=0.03s Sys=0.02s Real=0.01s
[2024-02-25T22:07:25.350+0000][gc,start    ] GC(5) Pause Young (Concurrent Start) (Metadata GC Threshold)
[2024-02-25T22:07:25.351+0000][gc,task     ] GC(5) Using 8 workers of 8 for evacuation
[2024-02-25T22:07:25.354+0000][gc,phases   ] GC(5)   Pre Evacuate Collection Set: 0.5ms
[2024-02-25T22:07:25.354+0000][gc,phases   ] GC(5)   Merge Heap Roots: 0.1ms
[2024-02-25T22:07:25.354+0000][gc,phases   ] GC(5)   Evacuate Collection Set: 1.1ms
[2024-02-25T22:07:25.354+0000][gc,phases   ] GC(5)   Post Evacuate Collection Set: 0.4ms
[2024-02-25T22:07:25.354+0000][gc,phases   ] GC(5)   Other: 0.8ms
[2024-02-25T22:07:25.354+0000][gc,heap     ] GC(5) Eden regions: 6->0(50)
[2024-02-25T22:07:25.354+0000][gc,heap     ] GC(5) Survivor regions: 2->1(7)
[2024-02-25T22:07:25.354+0000][gc,heap     ] GC(5) Old regions: 15->15
[2024-02-25T22:07:25.354+0000][gc,heap     ] GC(5) Humongous regions: 129->129
[2024-02-25T22:07:25.354+0000][gc,metaspace] GC(5) Metaspace: 35942K(36288K)->35942K(36288K) NonClass: 31916K(32064K)->31916K(32064K) Class: 4025K(4224K)->4025K(4224K)
[2024-02-25T22:07:25.354+0000][gc          ] GC(5) Pause Young (Concurrent Start) (Metadata GC Threshold) 149M->144M(1024M) 4.233ms
[2024-02-25T22:07:25.354+0000][gc,cpu      ] GC(5) User=0.01s Sys=0.01s Real=0.00s
[2024-02-25T22:07:25.354+0000][gc          ] GC(6) Concurrent Mark Cycle
[2024-02-25T22:07:25.354+0000][gc,marking  ] GC(6) Concurrent Scan Root Regions
[2024-02-25T22:07:25.355+0000][gc,marking  ] GC(6) Concurrent Scan Root Regions 1.020ms
[2024-02-25T22:07:25.355+0000][gc,marking  ] GC(6) Concurrent Mark
[2024-02-25T22:07:25.355+0000][gc,marking  ] GC(6) Concurrent Mark From Roots
[2024-02-25T22:07:25.355+0000][gc,task     ] GC(6) Using 2 workers of 2 for marking
[2024-02-25T22:07:25.367+0000][gc,marking  ] GC(6) Concurrent Mark From Roots 11.829ms
[2024-02-25T22:07:25.367+0000][gc,marking  ] GC(6) Concurrent Preclean
[2024-02-25T22:07:25.367+0000][gc,marking  ] GC(6) Concurrent Preclean 0.043ms
[2024-02-25T22:07:25.367+0000][gc,start    ] GC(6) Pause Remark
[2024-02-25T22:07:25.370+0000][gc          ] GC(6) Pause Remark 145M->145M(1024M) 2.907ms
[2024-02-25T22:07:25.370+0000][gc,cpu      ] GC(6) User=0.00s Sys=0.01s Real=0.01s
[2024-02-25T22:07:25.370+0000][gc,marking  ] GC(6) Concurrent Mark 14.986ms
[2024-02-25T22:07:25.370+0000][gc,marking  ] GC(6) Concurrent Rebuild Remembered Sets and Scrub Regions
[2024-02-25T22:07:25.375+0000][gc,marking  ] GC(6) Concurrent Rebuild Remembered Sets and Scrub Regions 4.669ms
[2024-02-25T22:07:25.375+0000][gc,start    ] GC(6) Pause Cleanup
[2024-02-25T22:07:25.376+0000][gc          ] GC(6) Pause Cleanup 145M->145M(1024M) 0.146ms
[2024-02-25T22:07:25.376+0000][gc,cpu      ] GC(6) User=0.00s Sys=0.00s Real=0.00s
[2024-02-25T22:07:25.376+0000][gc,marking  ] GC(6) Concurrent Clear Claimed Marks
[2024-02-25T22:07:25.376+0000][gc,marking  ] GC(6) Concurrent Clear Claimed Marks 0.018ms
[2024-02-25T22:07:25.376+0000][gc,marking  ] GC(6) Concurrent Cleanup for Next Mark
[2024-02-25T22:07:25.383+0000][gc,marking  ] GC(6) Concurrent Cleanup for Next Mark 6.959ms
[2024-02-25T22:07:25.384+0000][gc          ] GC(6) Concurrent Mark Cycle 29.372ms
[2024-02-25T22:14:01.976+0000][gc,start    ] GC(7) Pause Young (Prepare Mixed) (G1 Evacuation Pause)
[2024-02-25T22:14:01.979+0000][gc,task     ] GC(7) Using 8 workers of 8 for evacuation
[2024-02-25T22:14:01.999+0000][gc,phases   ] GC(7)   Pre Evacuate Collection Set: 1.2ms
[2024-02-25T22:14:01.999+0000][gc,phases   ] GC(7)   Merge Heap Roots: 0.5ms
[2024-02-25T22:14:01.999+0000][gc,phases   ] GC(7)   Evacuate Collection Set: 16.8ms
[2024-02-25T22:14:01.999+0000][gc,phases   ] GC(7)   Post Evacuate Collection Set: 1.1ms
[2024-02-25T22:14:01.999+0000][gc,phases   ] GC(7)   Other: 0.9ms
[2024-02-25T22:14:01.999+0000][gc,heap     ] GC(7) Eden regions: 50->0(46)
[2024-02-25T22:14:01.999+0000][gc,heap     ] GC(7) Survivor regions: 1->5(7)
[2024-02-25T22:14:01.999+0000][gc,heap     ] GC(7) Old regions: 15->15
[2024-02-25T22:14:01.999+0000][gc,heap     ] GC(7) Humongous regions: 129->129
[2024-02-25T22:14:01.999+0000][gc,metaspace] GC(7) Metaspace: 41453K(42112K)->41453K(42112K) NonClass: 36578K(36992K)->36578K(36992K) Class: 4874K(5120K)->4874K(5120K)
[2024-02-25T22:14:01.999+0000][gc          ] GC(7) Pause Young (Prepare Mixed) (G1 Evacuation Pause) 194M->148M(1024M) 24.095ms
[2024-02-25T22:14:01.999+0000][gc,cpu      ] GC(7) User=0.02s Sys=0.03s Real=0.02s
[2024-02-25T22:28:11.413+0000][gc,start    ] GC(8) Pause Young (Mixed) (G1 Evacuation Pause)
[2024-02-25T22:28:11.417+0000][gc,task     ] GC(8) Using 8 workers of 8 for evacuation
[2024-02-25T22:28:11.424+0000][gc,phases   ] GC(8)   Pre Evacuate Collection Set: 0.4ms
[2024-02-25T22:28:11.424+0000][gc,phases   ] GC(8)   Merge Heap Roots: 0.2ms
[2024-02-25T22:28:11.424+0000][gc,phases   ] GC(8)   Evacuate Collection Set: 5.3ms
[2024-02-25T22:28:11.424+0000][gc,phases   ] GC(8)   Post Evacuate Collection Set: 0.4ms
[2024-02-25T22:28:11.424+0000][gc,phases   ] GC(8)   Other: 1.0ms
[2024-02-25T22:28:11.424+0000][gc,heap     ] GC(8) Eden regions: 46->0(49)
[2024-02-25T22:28:11.424+0000][gc,heap     ] GC(8) Survivor regions: 5->2(7)
[2024-02-25T22:28:11.424+0000][gc,heap     ] GC(8) Old regions: 15->18
[2024-02-25T22:28:11.424+0000][gc,heap     ] GC(8) Humongous regions: 129->129
[2024-02-25T22:28:11.424+0000][gc,metaspace] GC(8) Metaspace: 42028K(42688K)->42028K(42688K) NonClass: 37124K(37504K)->37124K(37504K) Class: 4903K(5184K)->4903K(5184K)
[2024-02-25T22:28:11.424+0000][gc          ] GC(8) Pause Young (Mixed) (G1 Evacuation Pause) 194M->148M(1024M) 11.199ms
[2024-02-25T22:28:11.424+0000][gc,cpu      ] GC(8) User=0.02s Sys=0.02s Real=0.01s
