[2023-11-29 18:10:57,598] INFO [GroupCoordinator 0]: Preparing to rebalance group video-processing-group in state PreparingRebalance with old generation 1 (__consumer_offsets-15) (reason: Removing member rdkafka-8b34ae85-eebb-40bb-836d-2faecce2851f on LeaveGroup; client reason: not provided) (kafka.coordinator.group.GroupCoordinator)
[2023-11-29 18:10:57,602] INFO [GroupCoordinator 0]: Group video-processing-group with generation 2 is now empty (__consumer_offsets-15) (kafka.coordinator.group.GroupCoordinator)
[2023-11-29 18:10:57,603] INFO [GroupCoordinator 0]: Member MemberMetadata(memberId=rdkafka-8b34ae85-eebb-40bb-836d-2faecce2851f, groupInstanceId=None, clientId=rdkafka, clientHost=/127.0.0.1, sessionTimeoutMs=45000, rebalanceTimeoutMs=300000, supportedProtocols=List(range, roundrobin)) has left group video-processing-group through explicit `LeaveGroup`; client reason: not provided (kafka.coordinator.group.GroupCoordinator)
[2023-11-29 18:11:51,861] INFO [GroupCoordinator 0]: Dynamic member with unknown member id joins group video-processing-group in Empty state. Created a new member id rdkafka-84fdfde9-b0f2-4d6e-a312-54c256a8decf and request the member to rejoin with this id. (kafka.coordinator.group.GroupCoordinator)
[2023-11-29 18:11:51,863] INFO [GroupCoordinator 0]: Preparing to rebalance group video-processing-group in state PreparingRebalance with old generation 2 (__consumer_offsets-15) (reason: Adding new member rdkafka-84fdfde9-b0f2-4d6e-a312-54c256a8decf with group instance id None; client reason: not provided) (kafka.coordinator.group.GroupCoordinator)
[2023-11-29 18:11:51,866] INFO [GroupCoordinator 0]: Stabilized group video-processing-group generation 3 (__consumer_offsets-15) with 1 members (kafka.coordinator.group.GroupCoordinator)
[2023-11-29 18:11:51,867] INFO [GroupCoordinator 0]: Assignment received from leader rdkafka-84fdfde9-b0f2-4d6e-a312-54c256a8decf for group video-processing-group for generation 3. The group has 1 members, 0 of which are static. (kafka.coordinator.group.GroupCoordinator)
[2023-11-29 18:20:00,800] INFO [GroupCoordinator 0]: Preparing to rebalance group video-processing-group in state PreparingRebalance with old generation 3 (__consumer_offsets-15) (reason: Removing member rdkafka-84fdfde9-b0f2-4d6e-a312-54c256a8decf on LeaveGroup; client reason: not provided) (kafka.coordinator.group.GroupCoordinator)
[2023-11-29 18:20:00,802] INFO [GroupCoordinator 0]: Group video-processing-group with generation 4 is now empty (__consumer_offsets-15) (kafka.coordinator.group.GroupCoordinator)
[2023-11-29 18:20:00,803] INFO [GroupCoordinator 0]: Member MemberMetadata(memberId=rdkafka-84fdfde9-b0f2-4d6e-a312-54c256a8decf, groupInstanceId=None, clientId=rdkafka, clientHost=/0:0:0:0:0:0:0:1, sessionTimeoutMs=45000, rebalanceTimeoutMs=300000, supportedProtocols=List(range, roundrobin)) has left group video-processing-group through explicit `LeaveGroup`; client reason: not provided (kafka.coordinator.group.GroupCoordinator)
[2023-11-29 18:23:06,168] INFO [GroupCoordinator 0]: Dynamic member with unknown member id joins group video-processing-group in Empty state. Created a new member id rdkafka-8270306a-8c46-4970-a9dd-2c6b390a6a1f and request the member to rejoin with this id. (kafka.coordinator.group.GroupCoordinator)
[2023-11-29 18:23:06,180] INFO [GroupCoordinator 0]: Preparing to rebalance group video-processing-group in state PreparingRebalance with old generation 4 (__consumer_offsets-15) (reason: Adding new member rdkafka-8270306a-8c46-4970-a9dd-2c6b390a6a1f with group instance id None; client reason: not provided) (kafka.coordinator.group.GroupCoordinator)
[2023-11-29 18:23:06,183] INFO [GroupCoordinator 0]: Stabilized group video-processing-group generation 5 (__consumer_offsets-15) with 1 members (kafka.coordinator.group.GroupCoordinator)
[2023-11-29 18:23:06,186] INFO [GroupCoordinator 0]: Assignment received from leader rdkafka-8270306a-8c46-4970-a9dd-2c6b390a6a1f for group video-processing-group for generation 5. The group has 1 members, 0 of which are static. (kafka.coordinator.group.GroupCoordinator)
[2023-11-29 18:25:15,678] INFO [GroupCoordinator 0]: Preparing to rebalance group video-processing-group in state PreparingRebalance with old generation 5 (__consumer_offsets-15) (reason: Removing member rdkafka-8270306a-8c46-4970-a9dd-2c6b390a6a1f on LeaveGroup; client reason: not provided) (kafka.coordinator.group.GroupCoordinator)
[2023-11-29 18:25:15,680] INFO [GroupCoordinator 0]: Group video-processing-group with generation 6 is now empty (__consumer_offsets-15) (kafka.coordinator.group.GroupCoordinator)
[2023-11-29 18:25:15,681] INFO [GroupCoordinator 0]: Member MemberMetadata(memberId=rdkafka-8270306a-8c46-4970-a9dd-2c6b390a6a1f, groupInstanceId=None, clientId=rdkafka, clientHost=/127.0.0.1, sessionTimeoutMs=45000, rebalanceTimeoutMs=300000, supportedProtocols=List(range, roundrobin)) has left group video-processing-group through explicit `LeaveGroup`; client reason: not provided (kafka.coordinator.group.GroupCoordinator)
[2023-11-29 18:26:22,034] INFO [GroupCoordinator 0]: Dynamic member with unknown member id joins group video-processing-group in Empty state. Created a new member id rdkafka-e295407d-7e1b-4c4e-9f8a-d35d871f1e41 and request the member to rejoin with this id. (kafka.coordinator.group.GroupCoordinator)
[2023-11-29 18:26:22,035] INFO [GroupCoordinator 0]: Preparing to rebalance group video-processing-group in state PreparingRebalance with old generation 6 (__consumer_offsets-15) (reason: Adding new member rdkafka-e295407d-7e1b-4c4e-9f8a-d35d871f1e41 with group instance id None; client reason: not provided) (kafka.coordinator.group.GroupCoordinator)
[2023-11-29 18:26:22,036] INFO [GroupCoordinator 0]: Stabilized group video-processing-group generation 7 (__consumer_offsets-15) with 1 members (kafka.coordinator.group.GroupCoordinator)
[2023-11-29 18:26:22,037] INFO [GroupCoordinator 0]: Assignment received from leader rdkafka-e295407d-7e1b-4c4e-9f8a-d35d871f1e41 for group video-processing-group for generation 7. The group has 1 members, 0 of which are static. (kafka.coordinator.group.GroupCoordinator)
[2023-11-29 18:28:37,608] INFO [GroupCoordinator 0]: Preparing to rebalance group video-processing-group in state PreparingRebalance with old generation 7 (__consumer_offsets-15) (reason: Removing member rdkafka-e295407d-7e1b-4c4e-9f8a-d35d871f1e41 on LeaveGroup; client reason: not provided) (kafka.coordinator.group.GroupCoordinator)
[2023-11-29 18:28:37,609] INFO [GroupCoordinator 0]: Group video-processing-group with generation 8 is now empty (__consumer_offsets-15) (kafka.coordinator.group.GroupCoordinator)
[2023-11-29 18:28:37,610] INFO [GroupCoordinator 0]: Member MemberMetadata(memberId=rdkafka-e295407d-7e1b-4c4e-9f8a-d35d871f1e41, groupInstanceId=None, clientId=rdkafka, clientHost=/0:0:0:0:0:0:0:1, sessionTimeoutMs=45000, rebalanceTimeoutMs=300000, supportedProtocols=List(range, roundrobin)) has left group video-processing-group through explicit `LeaveGroup`; client reason: not provided (kafka.coordinator.group.GroupCoordinator)
[2023-11-29 18:29:54,153] INFO [GroupCoordinator 0]: Dynamic member with unknown member id joins group video-processing-group in Empty state. Created a new member id rdkafka-c2bb3884-3960-4258-87c2-720ead52ea90 and request the member to rejoin with this id. (kafka.coordinator.group.GroupCoordinator)
[2023-11-29 18:29:54,154] INFO [GroupCoordinator 0]: Preparing to rebalance group video-processing-group in state PreparingRebalance with old generation 8 (__consumer_offsets-15) (reason: Adding new member rdkafka-c2bb3884-3960-4258-87c2-720ead52ea90 with group instance id None; client reason: not provided) (kafka.coordinator.group.GroupCoordinator)
[2023-11-29 18:29:54,154] INFO [GroupCoordinator 0]: Stabilized group video-processing-group generation 9 (__consumer_offsets-15) with 1 members (kafka.coordinator.group.GroupCoordinator)
[2023-11-29 18:29:54,155] INFO [GroupCoordinator 0]: Assignment received from leader rdkafka-c2bb3884-3960-4258-87c2-720ead52ea90 for group video-processing-group for generation 9. The group has 1 members, 0 of which are static. (kafka.coordinator.group.GroupCoordinator)
[2023-11-29 18:30:33,241] INFO [GroupCoordinator 0]: Preparing to rebalance group video-processing-group in state PreparingRebalance with old generation 9 (__consumer_offsets-15) (reason: Removing member rdkafka-c2bb3884-3960-4258-87c2-720ead52ea90 on LeaveGroup; client reason: not provided) (kafka.coordinator.group.GroupCoordinator)
[2023-11-29 18:30:33,246] INFO [GroupCoordinator 0]: Group video-processing-group with generation 10 is now empty (__consumer_offsets-15) (kafka.coordinator.group.GroupCoordinator)
[2023-11-29 18:30:33,247] INFO [GroupCoordinator 0]: Member MemberMetadata(memberId=rdkafka-c2bb3884-3960-4258-87c2-720ead52ea90, groupInstanceId=None, clientId=rdkafka, clientHost=/0:0:0:0:0:0:0:1, sessionTimeoutMs=45000, rebalanceTimeoutMs=300000, supportedProtocols=List(range, roundrobin)) has left group video-processing-group through explicit `LeaveGroup`; client reason: not provided (kafka.coordinator.group.GroupCoordinator)
[2023-11-29 18:31:03,423] INFO [GroupCoordinator 0]: Dynamic member with unknown member id joins group video-processing-group in Empty state. Created a new member id rdkafka-03925ab5-9077-49c8-baf7-8ded78e73e7a and request the member to rejoin with this id. (kafka.coordinator.group.GroupCoordinator)
[2023-11-29 18:31:03,425] INFO [GroupCoordinator 0]: Preparing to rebalance group video-processing-group in state PreparingRebalance with old generation 10 (__consumer_offsets-15) (reason: Adding new member rdkafka-03925ab5-9077-49c8-baf7-8ded78e73e7a with group instance id None; client reason: not provided) (kafka.coordinator.group.GroupCoordinator)
[2023-11-29 18:31:03,425] INFO [GroupCoordinator 0]: Stabilized group video-processing-group generation 11 (__consumer_offsets-15) with 1 members (kafka.coordinator.group.GroupCoordinator)
[2023-11-29 18:31:03,427] INFO [GroupCoordinator 0]: Assignment received from leader rdkafka-03925ab5-9077-49c8-baf7-8ded78e73e7a for group video-processing-group for generation 11. The group has 1 members, 0 of which are static. (kafka.coordinator.group.GroupCoordinator)
[2023-11-29 18:49:33,441] INFO [GroupCoordinator 0]: Preparing to rebalance group video-processing-group in state PreparingRebalance with old generation 11 (__consumer_offsets-15) (reason: Removing member rdkafka-03925ab5-9077-49c8-baf7-8ded78e73e7a on LeaveGroup; client reason: not provided) (kafka.coordinator.group.GroupCoordinator)
[2023-11-29 18:49:33,444] INFO [GroupCoordinator 0]: Group video-processing-group with generation 12 is now empty (__consumer_offsets-15) (kafka.coordinator.group.GroupCoordinator)
[2023-11-29 18:49:33,446] INFO [GroupCoordinator 0]: Member MemberMetadata(memberId=rdkafka-03925ab5-9077-49c8-baf7-8ded78e73e7a, groupInstanceId=None, clientId=rdkafka, clientHost=/127.0.0.1, sessionTimeoutMs=45000, rebalanceTimeoutMs=300000, supportedProtocols=List(range, roundrobin)) has left group video-processing-group through explicit `LeaveGroup`; client reason: not provided (kafka.coordinator.group.GroupCoordinator)
[2023-11-29 18:49:57,373] INFO [GroupCoordinator 0]: Dynamic member with unknown member id joins group video-processing-group in Empty state. Created a new member id rdkafka-27bf78b4-c775-45c3-9403-93ea69d0f53e and request the member to rejoin with this id. (kafka.coordinator.group.GroupCoordinator)
[2023-11-29 18:49:57,375] INFO [GroupCoordinator 0]: Preparing to rebalance group video-processing-group in state PreparingRebalance with old generation 12 (__consumer_offsets-15) (reason: Adding new member rdkafka-27bf78b4-c775-45c3-9403-93ea69d0f53e with group instance id None; client reason: not provided) (kafka.coordinator.group.GroupCoordinator)
[2023-11-29 18:49:57,376] INFO [GroupCoordinator 0]: Stabilized group video-processing-group generation 13 (__consumer_offsets-15) with 1 members (kafka.coordinator.group.GroupCoordinator)
[2023-11-29 18:49:57,378] INFO [GroupCoordinator 0]: Assignment received from leader rdkafka-27bf78b4-c775-45c3-9403-93ea69d0f53e for group video-processing-group for generation 13. The group has 1 members, 0 of which are static. (kafka.coordinator.group.GroupCoordinator)
